2024-08-29 01:00:19 - Starting LoggerLearningApplication using Java 17.0.12 with PID 8908 (D:\SpringBoot_Projects\logger-learning\target\classes started by Asif in D:\SpringBoot_Projects\logger-learning)
2024-08-29 01:00:19 - No active profile set, falling back to 1 default profile: "default"
2024-08-29 01:00:20 - Tomcat initialized with port 8080 (http)
2024-08-29 01:00:20 - Starting service [Tomcat]
2024-08-29 01:00:20 - Starting Servlet engine: [Apache Tomcat/10.1.28]
2024-08-29 01:00:21 - Initializing Spring embedded WebApplicationContext
2024-08-29 01:00:21 - Root WebApplicationContext: initialization completed in 1181 ms
2024-08-29 01:00:21 - Exception encountered during context initialization - cancelling refresh attempt: org.springframework.context.ApplicationContextException: Failed to start bean 'webServerStartStop'
2024-08-29 01:00:21 - 

Error starting ApplicationContext. To display the condition evaluation report re-run your application with 'debug' enabled.
2024-08-29 01:00:21 - 

***************************
APPLICATION FAILED TO START
***************************

Description:

Web server failed to start. Port 8080 was already in use.

Action:

Identify and stop the process that's listening on port 8080 or configure this application to listen on another port.

2024-08-29 01:00:49 - Starting LoggerLearningApplication using Java 17.0.12 with PID 8012 (D:\SpringBoot_Projects\logger-learning\target\classes started by Asif in D:\SpringBoot_Projects\logger-learning)
2024-08-29 01:00:49 - No active profile set, falling back to 1 default profile: "default"
2024-08-29 01:00:50 - Tomcat initialized with port 8081 (http)
2024-08-29 01:00:50 - Starting service [Tomcat]
2024-08-29 01:00:50 - Starting Servlet engine: [Apache Tomcat/10.1.28]
2024-08-29 01:00:50 - Initializing Spring embedded WebApplicationContext
2024-08-29 01:00:50 - Root WebApplicationContext: initialization completed in 1149 ms
2024-08-29 01:00:50 - Tomcat started on port 8081 (http) with context path '/'
2024-08-29 01:00:50 - Started LoggerLearningApplication in 2.425 seconds (process running for 3.231)
2024-08-29 01:00:50 - Error log testing!
2024-08-29 01:00:50 - ProducerConfig values: 
	acks = -1
	auto.include.jmx.reporter = true
	batch.size = 16384
	bootstrap.servers = [localhost:9092]
	buffer.memory = 33554432
	client.dns.lookup = use_all_dns_ips
	client.id = logger-learning-producer-1
	compression.type = none
	connections.max.idle.ms = 540000
	delivery.timeout.ms = 120000
	enable.idempotence = true
	enable.metrics.push = true
	interceptor.classes = []
	key.serializer = class org.apache.kafka.common.serialization.StringSerializer
	linger.ms = 0
	max.block.ms = 60000
	max.in.flight.requests.per.connection = 5
	max.request.size = 1048576
	metadata.max.age.ms = 300000
	metadata.max.idle.ms = 300000
	metric.reporters = []
	metrics.num.samples = 2
	metrics.recording.level = INFO
	metrics.sample.window.ms = 30000
	partitioner.adaptive.partitioning.enable = true
	partitioner.availability.timeout.ms = 0
	partitioner.class = null
	partitioner.ignore.keys = false
	receive.buffer.bytes = 32768
	reconnect.backoff.max.ms = 1000
	reconnect.backoff.ms = 50
	request.timeout.ms = 30000
	retries = 2147483647
	retry.backoff.max.ms = 1000
	retry.backoff.ms = 100
	sasl.client.callback.handler.class = null
	sasl.jaas.config = null
	sasl.kerberos.kinit.cmd = /usr/bin/kinit
	sasl.kerberos.min.time.before.relogin = 60000
	sasl.kerberos.service.name = null
	sasl.kerberos.ticket.renew.jitter = 0.05
	sasl.kerberos.ticket.renew.window.factor = 0.8
	sasl.login.callback.handler.class = null
	sasl.login.class = null
	sasl.login.connect.timeout.ms = null
	sasl.login.read.timeout.ms = null
	sasl.login.refresh.buffer.seconds = 300
	sasl.login.refresh.min.period.seconds = 60
	sasl.login.refresh.window.factor = 0.8
	sasl.login.refresh.window.jitter = 0.05
	sasl.login.retry.backoff.max.ms = 10000
	sasl.login.retry.backoff.ms = 100
	sasl.mechanism = GSSAPI
	sasl.oauthbearer.clock.skew.seconds = 30
	sasl.oauthbearer.expected.audience = null
	sasl.oauthbearer.expected.issuer = null
	sasl.oauthbearer.jwks.endpoint.refresh.ms = 3600000
	sasl.oauthbearer.jwks.endpoint.retry.backoff.max.ms = 10000
	sasl.oauthbearer.jwks.endpoint.retry.backoff.ms = 100
	sasl.oauthbearer.jwks.endpoint.url = null
	sasl.oauthbearer.scope.claim.name = scope
	sasl.oauthbearer.sub.claim.name = sub
	sasl.oauthbearer.token.endpoint.url = null
	security.protocol = PLAINTEXT
	security.providers = null
	send.buffer.bytes = 131072
	socket.connection.setup.timeout.max.ms = 30000
	socket.connection.setup.timeout.ms = 10000
	ssl.cipher.suites = null
	ssl.enabled.protocols = [TLSv1.2, TLSv1.3]
	ssl.endpoint.identification.algorithm = https
	ssl.engine.factory.class = null
	ssl.key.password = null
	ssl.keymanager.algorithm = SunX509
	ssl.keystore.certificate.chain = null
	ssl.keystore.key = null
	ssl.keystore.location = null
	ssl.keystore.password = null
	ssl.keystore.type = JKS
	ssl.protocol = TLSv1.3
	ssl.provider = null
	ssl.secure.random.implementation = null
	ssl.trustmanager.algorithm = PKIX
	ssl.truststore.certificates = null
	ssl.truststore.location = null
	ssl.truststore.password = null
	ssl.truststore.type = JKS
	transaction.timeout.ms = 60000
	transactional.id = null
	value.serializer = class org.apache.kafka.common.serialization.StringSerializer

2024-08-29 01:00:50 - initializing Kafka metrics collector
2024-08-29 01:00:50 - [Producer clientId=logger-learning-producer-1] Instantiated an idempotent producer.
2024-08-29 01:00:50 - Kafka version: 3.7.1
2024-08-29 01:00:50 - Kafka commitId: e2494e6ffb89f828
2024-08-29 01:00:50 - Kafka startTimeMs: 1724871650977
2024-08-29 01:00:51 - [Producer clientId=logger-learning-producer-1] Cluster ID: UsFxC3YQRo2sua6Yw5aD2g
2024-08-29 01:00:51 - [Producer clientId=logger-learning-producer-1] ProducerId set to 2000 with epoch 0
2024-08-29 01:00:56 - Error log testing!
